* using log directory ‘/home/doughnut/github/aus_oa_public/..Rcheck’
* using R version 4.4.3 (2025-02-28)
* using platform: x86_64-conda-linux-gnu
* R was compiled by
    x86_64-conda-linux-gnu-cc (conda-forge gcc 10.4.0-19) 10.4.0
    GNU Fortran (conda-forge gcc 10.4.0-19) 10.4.0
* running under: Ubuntu 24.04.2 LTS
* using session charset: UTF-8
* using options ‘--no-manual --no-build-vignettes’
* checking for file ‘./DESCRIPTION’ ... OK
* this is package ‘ausoa’ version ‘2.0.0’
* package encoding: UTF-8
* checking package namespace information ... OK
* checking package dependencies ... NOTE
Package suggested but not available for checking: ‘covr’
* checking if this is a source package ... OK
* checking if there is a namespace ... OK
* checking for executable files ... OK
* checking for hidden files and directories ... NOTE
Found the following hidden files and directories:
  .Renviron
  .Rprofile
  .gitignore
  input/population/.gitignore
  notes/.gitignore
  output/log/.gitignore
  output/model_stats/.gitignore
  output/raw_output/.gitignore
  renv/.gitignore
  scripts/output/.gitignore
  ..Rcheck
  .git
  .github
These were most likely included in error. See section ‘Package
structure’ in the ‘Writing R Extensions’ manual.
* checking for portable file names ... NOTE
Found the following non-portable file path:
  ausoa/supporting_data/raw_data/Proportion_of_adults_who_were_overweight_or_obese_by_age_and_sex_2022.xlsx

Tarballs are only required to store paths of up to 100 bytes and cannot
store those of more than 256 bytes, with restrictions including to 100
bytes for the final component.
See section ‘Package structure’ in the ‘Writing R Extensions’ manual.
* checking for sufficient/correct file permissions ... OK
* checking whether package ‘ausoa’ can be installed ... WARNING
Found the following significant warnings:
  Note: possible error in 'OA_update(am_curr, am_new, ': unused arguments (cycle.coefficents, OA_cust) 
See ‘/home/doughnut/github/aus_oa_public/..Rcheck/00install.out’ for details.
Information on the location(s) of code generating the ‘Note’s can be
obtained by re-running with environment variable R_KEEP_PKG_SOURCE set
to ‘yes’.
* checking installed package size ... OK
* checking package directory ... OK
* checking DESCRIPTION meta-information ... NOTE
License components which are templates and need '+ file LICENSE':
  MIT
Checking should be performed on sources prepared by ‘R CMD build’.
* checking top-level files ... NOTE
File
  LICENSE
is not mentioned in the DESCRIPTION file.
* checking for left-over files ... OK
* checking index information ... OK
* checking package subdirectories ... WARNING
Found the following directory with the name of a check directory:
  ./..Rcheck
Most likely, these were included erroneously.
Found the following CITATION file in a non-standard place:
  CITATION.cff
Most likely ‘inst/CITATION’ should be used instead.
* checking code files for non-ASCII characters ... OK
* checking R files for syntax errors ... OK
* checking whether the package can be loaded ... OK
* checking whether the package can be loaded with stated dependencies ... OK
* checking whether the package can be unloaded cleanly ... OK
* checking whether the namespace can be loaded with stated dependencies ... OK
* checking whether the namespace can be unloaded cleanly ... OK
* checking loading without being on the library search path ... OK
* checking dependencies in R code ... NOTE
Namespaces in Imports field not imported from:
  ‘arrow’ ‘here’ ‘readxl’ ‘tidyverse’
  All declared Imports should be used.
* checking S3 generic/method consistency ... OK
* checking replacement functions ... OK
* checking foreign function calls ... OK
* checking R code for possible problems ... NOTE
simulation_cycle_fcn: possible error in OA_update(am_curr, am_new,
  cycle.coefficents, OA_cust): unused arguments (cycle.coefficents,
  OA_cust)
* checking Rd files ... OK
* checking Rd metadata ... OK
* checking Rd cross-references ... OK
* checking for missing documentation entries ... OK
* checking for code/documentation mismatches ... OK
* checking Rd \usage sections ... WARNING
Undocumented arguments in Rd file 'OA_update.Rd'
  ‘pin’
Documented arguments not in \usage in Rd file 'OA_update.Rd':
  ‘am_new’ ‘cycle.coefficents’ ‘OA_cust’

Documented arguments not in \usage in Rd file 'TKA_update_fcn.Rd':
  ‘summary_TKR_observed_diff’

Undocumented arguments in Rd file 'simulation_cycle_fcn.Rd'
  ‘summary_TKR_observed_diff’

Functions with \usage entries need to have the appropriate \alias
entries, and all their arguments documented.
The \usage entries must correspond to syntactically valid R code.
See chapter ‘Writing R documentation files’ in the ‘Writing R
Extensions’ manual.
* checking Rd contents ... OK
* checking for unstated dependencies in examples ... OK
* checking examples ... OK
* DONE
Status: 3 WARNINGs, 7 NOTEs
